Traceback (most recent call last):
  File "/home/prince/anaconda3/lib/python3.7/site-packages/jupyter_cache/executors/utils.py", line 56, in single_nb_execution
    record_timing=False,
  File "/home/prince/anaconda3/lib/python3.7/site-packages/nbclient/client.py", line 1087, in execute
    return NotebookClient(nb=nb, resources=resources, km=km, **kwargs).execute()
  File "/home/prince/anaconda3/lib/python3.7/site-packages/nbclient/util.py", line 74, in wrapped
    return just_run(coro(*args, **kwargs))
  File "/home/prince/anaconda3/lib/python3.7/site-packages/nbclient/util.py", line 53, in just_run
    return loop.run_until_complete(coro)
  File "/home/prince/anaconda3/lib/python3.7/asyncio/base_events.py", line 579, in run_until_complete
    return future.result()
  File "/home/prince/anaconda3/lib/python3.7/site-packages/nbclient/client.py", line 541, in async_execute
    cell, index, execution_count=self.code_cells_executed + 1
  File "/home/prince/anaconda3/lib/python3.7/site-packages/nbclient/client.py", line 832, in async_execute_cell
    self._check_raise_for_error(cell, exec_reply)
  File "/home/prince/anaconda3/lib/python3.7/site-packages/nbclient/client.py", line 740, in _check_raise_for_error
    raise CellExecutionError.from_cell_and_msg(cell, exec_reply['content'])
nbclient.exceptions.CellExecutionError: An error occurred while executing the following cell:
------------------
from statsmodels.tsa.stattools import adfuller
series = pd.read_csv('../data/NFLX3.csv',usecols=['Close'])
# series = read_csv('daily-total-female-births.csv', header=0, index_col=0, squeeze=True)
X = series.values
result = adfuller(X)
print('ADF Statistic: %f' % result[0])
print('p-value: %f' % result[1])
print('Critical Values:')
for key, value in result[4].items():
	print('\t%s: %.3f' % (key, value))
------------------

[0;31m---------------------------------------------------------------------------[0m
[0;31mValueError[0m                                Traceback (most recent call last)
[0;32m<ipython-input-3-d3a873a1c972>[0m in [0;36m<module>[0;34m[0m
[1;32m      3[0m [0;31m# series = read_csv('daily-total-female-births.csv', header=0, index_col=0, squeeze=True)[0m[0;34m[0m[0;34m[0m[0;34m[0m[0m
[1;32m      4[0m [0mX[0m [0;34m=[0m [0mseries[0m[0;34m.[0m[0mvalues[0m[0;34m[0m[0;34m[0m[0m
[0;32m----> 5[0;31m [0mresult[0m [0;34m=[0m [0madfuller[0m[0;34m([0m[0mX[0m[0;34m)[0m[0;34m[0m[0;34m[0m[0m
[0m[1;32m      6[0m [0mprint[0m[0;34m([0m[0;34m'ADF Statistic: %f'[0m [0;34m%[0m [0mresult[0m[0;34m[[0m[0;36m0[0m[0;34m][0m[0;34m)[0m[0;34m[0m[0;34m[0m[0m
[1;32m      7[0m [0mprint[0m[0;34m([0m[0;34m'p-value: %f'[0m [0;34m%[0m [0mresult[0m[0;34m[[0m[0;36m1[0m[0;34m][0m[0;34m)[0m[0;34m[0m[0;34m[0m[0m

[0;32m~/anaconda3/lib/python3.7/site-packages/statsmodels/tsa/stattools.py[0m in [0;36madfuller[0;34m(x, maxlag, regression, autolag, store, regresults)[0m
[1;32m    234[0m                          'deterministic regressors')
[1;32m    235[0m     [0mxdiff[0m [0;34m=[0m [0mnp[0m[0;34m.[0m[0mdiff[0m[0;34m([0m[0mx[0m[0;34m)[0m[0;34m[0m[0;34m[0m[0m
[0;32m--> 236[0;31m     [0mxdall[0m [0;34m=[0m [0mlagmat[0m[0;34m([0m[0mxdiff[0m[0;34m[[0m[0;34m:[0m[0;34m,[0m [0;32mNone[0m[0;34m][0m[0;34m,[0m [0mmaxlag[0m[0;34m,[0m [0mtrim[0m[0;34m=[0m[0;34m'both'[0m[0;34m,[0m [0moriginal[0m[0;34m=[0m[0;34m'in'[0m[0;34m)[0m[0;34m[0m[0;34m[0m[0m
[0m[1;32m    237[0m     [0mnobs[0m [0;34m=[0m [0mxdall[0m[0;34m.[0m[0mshape[0m[0;34m[[0m[0;36m0[0m[0;34m][0m[0;34m[0m[0;34m[0m[0m
[1;32m    238[0m [0;34m[0m[0m

[0;32m~/anaconda3/lib/python3.7/site-packages/statsmodels/tsa/tsatools.py[0m in [0;36mlagmat[0;34m(x, maxlag, trim, original, use_pandas)[0m
[1;32m    402[0m     [0;32mif[0m [0mxa[0m[0;34m.[0m[0mndim[0m [0;34m==[0m [0;36m1[0m[0;34m:[0m[0;34m[0m[0;34m[0m[0m
[1;32m    403[0m         [0mxa[0m [0;34m=[0m [0mxa[0m[0;34m[[0m[0;34m:[0m[0;34m,[0m [0;32mNone[0m[0;34m][0m[0;34m[0m[0;34m[0m[0m
[0;32m--> 404[0;31m     [0mnobs[0m[0;34m,[0m [0mnvar[0m [0;34m=[0m [0mxa[0m[0;34m.[0m[0mshape[0m[0;34m[0m[0;34m[0m[0m
[0m[1;32m    405[0m     [0;32mif[0m [0moriginal[0m [0;32min[0m [0;34m[[0m[0;34m'ex'[0m[0;34m,[0m [0;34m'sep'[0m[0;34m][0m[0;34m:[0m[0;34m[0m[0;34m[0m[0m
[1;32m    406[0m         [0mdropidx[0m [0;34m=[0m [0mnvar[0m[0;34m[0m[0;34m[0m[0m

[0;31mValueError[0m: too many values to unpack (expected 2)
ValueError: too many values to unpack (expected 2)

