Traceback (most recent call last):
  File "/Users/prince.javier/opt/anaconda3/envs/atsa/lib/python3.7/site-packages/jupyter_cache/executors/utils.py", line 56, in single_nb_execution
    record_timing=False,
  File "/Users/prince.javier/opt/anaconda3/envs/atsa/lib/python3.7/site-packages/nbclient/client.py", line 1087, in execute
    return NotebookClient(nb=nb, resources=resources, km=km, **kwargs).execute()
  File "/Users/prince.javier/opt/anaconda3/envs/atsa/lib/python3.7/site-packages/nbclient/util.py", line 74, in wrapped
    return just_run(coro(*args, **kwargs))
  File "/Users/prince.javier/opt/anaconda3/envs/atsa/lib/python3.7/site-packages/nbclient/util.py", line 53, in just_run
    return loop.run_until_complete(coro)
  File "/Users/prince.javier/opt/anaconda3/envs/atsa/lib/python3.7/asyncio/base_events.py", line 587, in run_until_complete
    return future.result()
  File "/Users/prince.javier/opt/anaconda3/envs/atsa/lib/python3.7/site-packages/nbclient/client.py", line 541, in async_execute
    cell, index, execution_count=self.code_cells_executed + 1
  File "/Users/prince.javier/opt/anaconda3/envs/atsa/lib/python3.7/site-packages/nbclient/client.py", line 832, in async_execute_cell
    self._check_raise_for_error(cell, exec_reply)
  File "/Users/prince.javier/opt/anaconda3/envs/atsa/lib/python3.7/site-packages/nbclient/client.py", line 740, in _check_raise_for_error
    raise CellExecutionError.from_cell_and_msg(cell, exec_reply['content'])
nbclient.exceptions.CellExecutionError: An error occurred while executing the following cell:
------------------
aq_df = pd.read_excel("../data/AirQualityUCI/AirQualityUCI.xlsx", parse_dates=[['Date', 'Time']])\
            .set_index('Date_Time').replace(-200, np.nan).interpolate()
aq_df.head(2)
------------------

[0;31m---------------------------------------------------------------------------[0m
[0;31mImportError[0m                               Traceback (most recent call last)
[0;32m<ipython-input-2-55cde3d3a9fa>[0m in [0;36m<module>[0;34m[0m
[0;32m----> 1[0;31m [0maq_df[0m [0;34m=[0m [0mpd[0m[0;34m.[0m[0mread_excel[0m[0;34m([0m[0;34m"../data/AirQualityUCI/AirQualityUCI.xlsx"[0m[0;34m,[0m [0mparse_dates[0m[0;34m=[0m[0;34m[[0m[0;34m[[0m[0;34m'Date'[0m[0;34m,[0m [0;34m'Time'[0m[0;34m][0m[0;34m][0m[0;34m)[0m[0;31m\[0m[0;34m[0m[0;34m[0m[0m
[0m[1;32m      2[0m             [0;34m.[0m[0mset_index[0m[0;34m([0m[0;34m'Date_Time'[0m[0;34m)[0m[0;34m.[0m[0mreplace[0m[0;34m([0m[0;34m-[0m[0;36m200[0m[0;34m,[0m [0mnp[0m[0;34m.[0m[0mnan[0m[0;34m)[0m[0;34m.[0m[0minterpolate[0m[0;34m([0m[0;34m)[0m[0;34m[0m[0;34m[0m[0m
[1;32m      3[0m [0maq_df[0m[0;34m.[0m[0mhead[0m[0;34m([0m[0;36m2[0m[0;34m)[0m[0;34m[0m[0;34m[0m[0m

[0;32m~/opt/anaconda3/envs/atsa/lib/python3.7/site-packages/pandas/util/_decorators.py[0m in [0;36mwrapper[0;34m(*args, **kwargs)[0m
[1;32m    297[0m                 )
[1;32m    298[0m                 [0mwarnings[0m[0;34m.[0m[0mwarn[0m[0;34m([0m[0mmsg[0m[0;34m,[0m [0mFutureWarning[0m[0;34m,[0m [0mstacklevel[0m[0;34m=[0m[0mstacklevel[0m[0;34m)[0m[0;34m[0m[0;34m[0m[0m
[0;32m--> 299[0;31m             [0;32mreturn[0m [0mfunc[0m[0;34m([0m[0;34m*[0m[0margs[0m[0;34m,[0m [0;34m**[0m[0mkwargs[0m[0;34m)[0m[0;34m[0m[0;34m[0m[0m
[0m[1;32m    300[0m [0;34m[0m[0m
[1;32m    301[0m         [0;32mreturn[0m [0mwrapper[0m[0;34m[0m[0;34m[0m[0m

[0;32m~/opt/anaconda3/envs/atsa/lib/python3.7/site-packages/pandas/io/excel/_base.py[0m in [0;36mread_excel[0;34m(io, sheet_name, header, names, index_col, usecols, squeeze, dtype, engine, converters, true_values, false_values, skiprows, nrows, na_values, keep_default_na, na_filter, verbose, parse_dates, date_parser, thousands, comment, skipfooter, convert_float, mangle_dupe_cols, storage_options)[0m
[1;32m    334[0m     [0;32mif[0m [0;32mnot[0m [0misinstance[0m[0;34m([0m[0mio[0m[0;34m,[0m [0mExcelFile[0m[0;34m)[0m[0;34m:[0m[0;34m[0m[0;34m[0m[0m
[1;32m    335[0m         [0mshould_close[0m [0;34m=[0m [0;32mTrue[0m[0;34m[0m[0;34m[0m[0m
[0;32m--> 336[0;31m         [0mio[0m [0;34m=[0m [0mExcelFile[0m[0;34m([0m[0mio[0m[0;34m,[0m [0mstorage_options[0m[0;34m=[0m[0mstorage_options[0m[0;34m,[0m [0mengine[0m[0;34m=[0m[0mengine[0m[0;34m)[0m[0;34m[0m[0;34m[0m[0m
[0m[1;32m    337[0m     [0;32melif[0m [0mengine[0m [0;32mand[0m [0mengine[0m [0;34m!=[0m [0mio[0m[0;34m.[0m[0mengine[0m[0;34m:[0m[0;34m[0m[0;34m[0m[0m
[1;32m    338[0m         raise ValueError(

[0;32m~/opt/anaconda3/envs/atsa/lib/python3.7/site-packages/pandas/io/excel/_base.py[0m in [0;36m__init__[0;34m(self, path_or_buffer, engine, storage_options)[0m
[1;32m   1107[0m         [0mself[0m[0;34m.[0m[0mstorage_options[0m [0;34m=[0m [0mstorage_options[0m[0;34m[0m[0;34m[0m[0m
[1;32m   1108[0m [0;34m[0m[0m
[0;32m-> 1109[0;31m         [0mself[0m[0;34m.[0m[0m_reader[0m [0;34m=[0m [0mself[0m[0;34m.[0m[0m_engines[0m[0;34m[[0m[0mengine[0m[0;34m][0m[0;34m([0m[0mself[0m[0;34m.[0m[0m_io[0m[0;34m,[0m [0mstorage_options[0m[0;34m=[0m[0mstorage_options[0m[0;34m)[0m[0;34m[0m[0;34m[0m[0m
[0m[1;32m   1110[0m [0;34m[0m[0m
[1;32m   1111[0m     [0;32mdef[0m [0m__fspath__[0m[0;34m([0m[0mself[0m[0;34m)[0m[0;34m:[0m[0;34m[0m[0;34m[0m[0m

[0;32m~/opt/anaconda3/envs/atsa/lib/python3.7/site-packages/pandas/io/excel/_xlrd.py[0m in [0;36m__init__[0;34m(self, filepath_or_buffer, storage_options)[0m
[1;32m     22[0m         """
[1;32m     23[0m         [0merr_msg[0m [0;34m=[0m [0;34m"Install xlrd >= 1.0.0 for Excel support"[0m[0;34m[0m[0;34m[0m[0m
[0;32m---> 24[0;31m         [0mimport_optional_dependency[0m[0;34m([0m[0;34m"xlrd"[0m[0;34m,[0m [0mextra[0m[0;34m=[0m[0merr_msg[0m[0;34m)[0m[0;34m[0m[0;34m[0m[0m
[0m[1;32m     25[0m         [0msuper[0m[0;34m([0m[0;34m)[0m[0;34m.[0m[0m__init__[0m[0;34m([0m[0mfilepath_or_buffer[0m[0;34m,[0m [0mstorage_options[0m[0;34m=[0m[0mstorage_options[0m[0;34m)[0m[0;34m[0m[0;34m[0m[0m
[1;32m     26[0m [0;34m[0m[0m

[0;32m~/opt/anaconda3/envs/atsa/lib/python3.7/site-packages/pandas/compat/_optional.py[0m in [0;36mimport_optional_dependency[0;34m(name, extra, raise_on_missing, on_version)[0m
[1;32m    107[0m     [0;32mexcept[0m [0mImportError[0m[0;34m:[0m[0;34m[0m[0;34m[0m[0m
[1;32m    108[0m         [0;32mif[0m [0mraise_on_missing[0m[0;34m:[0m[0;34m[0m[0;34m[0m[0m
[0;32m--> 109[0;31m             [0;32mraise[0m [0mImportError[0m[0;34m([0m[0mmsg[0m[0;34m)[0m [0;32mfrom[0m [0;32mNone[0m[0;34m[0m[0;34m[0m[0m
[0m[1;32m    110[0m         [0;32melse[0m[0;34m:[0m[0;34m[0m[0;34m[0m[0m
[1;32m    111[0m             [0;32mreturn[0m [0;32mNone[0m[0;34m[0m[0;34m[0m[0m

[0;31mImportError[0m: Missing optional dependency 'xlrd'. Install xlrd >= 1.0.0 for Excel support Use pip or conda to install xlrd.
ImportError: Missing optional dependency 'xlrd'. Install xlrd >= 1.0.0 for Excel support Use pip or conda to install xlrd.

