Traceback (most recent call last):
  File "/home/prince/anaconda3/lib/python3.7/site-packages/jupyter_cache/executors/utils.py", line 56, in single_nb_execution
    record_timing=False,
  File "/home/prince/anaconda3/lib/python3.7/site-packages/nbclient/client.py", line 1087, in execute
    return NotebookClient(nb=nb, resources=resources, km=km, **kwargs).execute()
  File "/home/prince/anaconda3/lib/python3.7/site-packages/nbclient/util.py", line 74, in wrapped
    return just_run(coro(*args, **kwargs))
  File "/home/prince/anaconda3/lib/python3.7/site-packages/nbclient/util.py", line 53, in just_run
    return loop.run_until_complete(coro)
  File "/home/prince/anaconda3/lib/python3.7/asyncio/base_events.py", line 579, in run_until_complete
    return future.result()
  File "/home/prince/anaconda3/lib/python3.7/site-packages/nbclient/client.py", line 541, in async_execute
    cell, index, execution_count=self.code_cells_executed + 1
  File "/home/prince/anaconda3/lib/python3.7/site-packages/nbclient/client.py", line 832, in async_execute_cell
    self._check_raise_for_error(cell, exec_reply)
  File "/home/prince/anaconda3/lib/python3.7/site-packages/nbclient/client.py", line 740, in _check_raise_for_error
    raise CellExecutionError.from_cell_and_msg(cell, exec_reply['content'])
nbclient.exceptions.CellExecutionError: An error occurred while executing the following cell:
------------------
y_ft = scp.fft.fft(y)
freqs = scp.fft.fftfreq(x.shape[-1])*samp_rate
plt.plot(freqs, abs(y_ft.real))
plt.ylabel('Fourier Coefficient')
plt.xlabel('Frequency (in Hz)')
print('Peak at:',np.argmax(y_ft.real)/dur, 'Hz');
------------------

[0;31m---------------------------------------------------------------------------[0m
[0;31mAttributeError[0m                            Traceback (most recent call last)
[0;32m<ipython-input-17-10b5ed290419>[0m in [0;36m<module>[0;34m[0m
[0;32m----> 1[0;31m [0my_ft[0m [0;34m=[0m [0mscp[0m[0;34m.[0m[0mfft[0m[0;34m.[0m[0mfft[0m[0;34m([0m[0my[0m[0;34m)[0m[0;34m[0m[0;34m[0m[0m
[0m[1;32m      2[0m [0mfreqs[0m [0;34m=[0m [0mscp[0m[0;34m.[0m[0mfft[0m[0;34m.[0m[0mfftfreq[0m[0;34m([0m[0mx[0m[0;34m.[0m[0mshape[0m[0;34m[[0m[0;34m-[0m[0;36m1[0m[0;34m][0m[0;34m)[0m[0;34m*[0m[0msamp_rate[0m[0;34m[0m[0;34m[0m[0m
[1;32m      3[0m [0mplt[0m[0;34m.[0m[0mplot[0m[0;34m([0m[0mfreqs[0m[0;34m,[0m [0mabs[0m[0;34m([0m[0my_ft[0m[0;34m.[0m[0mreal[0m[0;34m)[0m[0;34m)[0m[0;34m[0m[0;34m[0m[0m
[1;32m      4[0m [0mplt[0m[0;34m.[0m[0mylabel[0m[0;34m([0m[0;34m'Fourier Coefficient'[0m[0;34m)[0m[0;34m[0m[0;34m[0m[0m
[1;32m      5[0m [0mplt[0m[0;34m.[0m[0mxlabel[0m[0;34m([0m[0;34m'Frequency (in Hz)'[0m[0;34m)[0m[0;34m[0m[0;34m[0m[0m

[0;31mAttributeError[0m: 'function' object has no attribute 'fft'
AttributeError: 'function' object has no attribute 'fft'

