Traceback (most recent call last):
  File "/home/prince/anaconda3/lib/python3.7/site-packages/jupyter_cache/executors/utils.py", line 56, in single_nb_execution
    record_timing=False,
  File "/home/prince/anaconda3/lib/python3.7/site-packages/nbclient/client.py", line 1087, in execute
    return NotebookClient(nb=nb, resources=resources, km=km, **kwargs).execute()
  File "/home/prince/anaconda3/lib/python3.7/site-packages/nbclient/util.py", line 74, in wrapped
    return just_run(coro(*args, **kwargs))
  File "/home/prince/anaconda3/lib/python3.7/site-packages/nbclient/util.py", line 53, in just_run
    return loop.run_until_complete(coro)
  File "/home/prince/anaconda3/lib/python3.7/asyncio/base_events.py", line 579, in run_until_complete
    return future.result()
  File "/home/prince/anaconda3/lib/python3.7/site-packages/nbclient/client.py", line 541, in async_execute
    cell, index, execution_count=self.code_cells_executed + 1
  File "/home/prince/anaconda3/lib/python3.7/site-packages/nbclient/client.py", line 832, in async_execute_cell
    self._check_raise_for_error(cell, exec_reply)
  File "/home/prince/anaconda3/lib/python3.7/site-packages/nbclient/client.py", line 740, in _check_raise_for_error
    raise CellExecutionError.from_cell_and_msg(cell, exec_reply['content'])
nbclient.exceptions.CellExecutionError: An error occurred while executing the following cell:
------------------
### HYPERPARAMETERS ###
window_size = 240
prediction_horizon = 1

### TRAIN TEST VAL SPLIT ###
train_series = series[:35045]
val_series = series[35045:52569]
test_series = series[52569:]

train_x, train_y = create_xy(train_series, window_size, prediction_horizon)
val_x, val_y = create_xy(val_series, window_size, prediction_horizon)
test_x, test_y = create_xy(test_series, window_size, prediction_horizon)

train_y = train_y.flatten()
val_y = val_y.flatten()
test_y = test_y.flatten()

print(train_x.shape)
print(train_y.shape)
print(val_x.shape)
print(val_y.shape)
print(test_x.shape)
print(test_y.shape)
------------------

[0;31m---------------------------------------------------------------------------[0m
[0;31mKeyError[0m                                  Traceback (most recent call last)
[0;32m<ipython-input-5-800c7a1ce398>[0m in [0;36m<module>[0;34m[0m
[1;32m      8[0m [0mtest_series[0m [0;34m=[0m [0mseries[0m[0;34m[[0m[0;36m52569[0m[0;34m:[0m[0;34m][0m[0;34m[0m[0;34m[0m[0m
[1;32m      9[0m [0;34m[0m[0m
[0;32m---> 10[0;31m [0mtrain_x[0m[0;34m,[0m [0mtrain_y[0m [0;34m=[0m [0mcreate_xy[0m[0;34m([0m[0mtrain_series[0m[0;34m,[0m [0mwindow_size[0m[0;34m,[0m [0mprediction_horizon[0m[0;34m)[0m[0;34m[0m[0;34m[0m[0m
[0m[1;32m     11[0m [0mval_x[0m[0;34m,[0m [0mval_y[0m [0;34m=[0m [0mcreate_xy[0m[0;34m([0m[0mval_series[0m[0;34m,[0m [0mwindow_size[0m[0;34m,[0m [0mprediction_horizon[0m[0;34m)[0m[0;34m[0m[0;34m[0m[0m
[1;32m     12[0m [0mtest_x[0m[0;34m,[0m [0mtest_y[0m [0;34m=[0m [0mcreate_xy[0m[0;34m([0m[0mtest_series[0m[0;34m,[0m [0mwindow_size[0m[0;34m,[0m [0mprediction_horizon[0m[0;34m)[0m[0;34m[0m[0;34m[0m[0m

[0;32m<ipython-input-1-d009d80f52cb>[0m in [0;36mcreate_xy[0;34m(series, window_size, prediction_horizon, shuffle)[0m
[1;32m     13[0m         [0my[0m[0;34m.[0m[0mappend[0m[0;34m([0m[0mseries[0m[0;34m[[0m[0;34m([0m[0mi[0m [0;34m+[0m [0mwindow_size[0m[0;34m)[0m[0;34m:[0m[0;34m([0m[0mi[0m [0;34m+[0m [0mwindow_size[0m [0;34m+[0m [0mprediction_horizon[0m[0;34m)[0m[0;34m][0m[0;34m)[0m[0;34m[0m[0;34m[0m[0m
[1;32m     14[0m     [0mx[0m [0;34m=[0m [0mnp[0m[0;34m.[0m[0marray[0m[0;34m([0m[0mx[0m[0;34m)[0m[0;34m[0m[0;34m[0m[0m
[0;32m---> 15[0;31m     [0my[0m [0;34m=[0m [0mnp[0m[0;34m.[0m[0marray[0m[0;34m([0m[0my[0m[0;34m)[0m[0;34m[0m[0;34m[0m[0m
[0m[1;32m     16[0m     [0;32mreturn[0m [0mx[0m[0;34m,[0m[0my[0m[0;34m[0m[0;34m[0m[0m
[1;32m     17[0m [0;34m[0m[0m

[0;32m~/anaconda3/lib/python3.7/site-packages/pandas/core/series.py[0m in [0;36m__getitem__[0;34m(self, key)[0m
[1;32m   1066[0m         [0mkey[0m [0;34m=[0m [0mcom[0m[0;34m.[0m[0mapply_if_callable[0m[0;34m([0m[0mkey[0m[0;34m,[0m [0mself[0m[0;34m)[0m[0;34m[0m[0;34m[0m[0m
[1;32m   1067[0m         [0;32mtry[0m[0;34m:[0m[0;34m[0m[0;34m[0m[0m
[0;32m-> 1068[0;31m             [0mresult[0m [0;34m=[0m [0mself[0m[0;34m.[0m[0mindex[0m[0;34m.[0m[0mget_value[0m[0;34m([0m[0mself[0m[0;34m,[0m [0mkey[0m[0;34m)[0m[0;34m[0m[0;34m[0m[0m
[0m[1;32m   1069[0m [0;34m[0m[0m
[1;32m   1070[0m             [0;32mif[0m [0;32mnot[0m [0mis_scalar[0m[0;34m([0m[0mresult[0m[0;34m)[0m[0;34m:[0m[0;34m[0m[0;34m[0m[0m

[0;32m~/anaconda3/lib/python3.7/site-packages/pandas/core/indexes/base.py[0m in [0;36mget_value[0;34m(self, series, key)[0m
[1;32m   4728[0m         [0mk[0m [0;34m=[0m [0mself[0m[0;34m.[0m[0m_convert_scalar_indexer[0m[0;34m([0m[0mk[0m[0;34m,[0m [0mkind[0m[0;34m=[0m[0;34m"getitem"[0m[0;34m)[0m[0;34m[0m[0;34m[0m[0m
[1;32m   4729[0m         [0;32mtry[0m[0;34m:[0m[0;34m[0m[0;34m[0m[0m
[0;32m-> 4730[0;31m             [0;32mreturn[0m [0mself[0m[0;34m.[0m[0m_engine[0m[0;34m.[0m[0mget_value[0m[0;34m([0m[0ms[0m[0;34m,[0m [0mk[0m[0;34m,[0m [0mtz[0m[0;34m=[0m[0mgetattr[0m[0;34m([0m[0mseries[0m[0;34m.[0m[0mdtype[0m[0;34m,[0m [0;34m"tz"[0m[0;34m,[0m [0;32mNone[0m[0;34m)[0m[0;34m)[0m[0;34m[0m[0;34m[0m[0m
[0m[1;32m   4731[0m         [0;32mexcept[0m [0mKeyError[0m [0;32mas[0m [0me1[0m[0;34m:[0m[0;34m[0m[0;34m[0m[0m
[1;32m   4732[0m             [0;32mif[0m [0mlen[0m[0;34m([0m[0mself[0m[0;34m)[0m [0;34m>[0m [0;36m0[0m [0;32mand[0m [0;34m([0m[0mself[0m[0;34m.[0m[0mholds_integer[0m[0;34m([0m[0;34m)[0m [0;32mor[0m [0mself[0m[0;34m.[0m[0mis_boolean[0m[0;34m([0m[0;34m)[0m[0;34m)[0m[0;34m:[0m[0;34m[0m[0;34m[0m[0m

[0;32mpandas/_libs/index.pyx[0m in [0;36mpandas._libs.index.IndexEngine.get_value[0;34m()[0m

[0;32mpandas/_libs/index.pyx[0m in [0;36mpandas._libs.index.IndexEngine.get_value[0;34m()[0m

[0;32mpandas/_libs/index.pyx[0m in [0;36mpandas._libs.index.IndexEngine.get_loc[0;34m()[0m

[0;32mpandas/_libs/hashtable_class_helper.pxi[0m in [0;36mpandas._libs.hashtable.Int64HashTable.get_item[0;34m()[0m

[0;32mpandas/_libs/hashtable_class_helper.pxi[0m in [0;36mpandas._libs.hashtable.Int64HashTable.get_item[0;34m()[0m

[0;31mKeyError[0m: 0
KeyError: 0

